#
# There is insufficient memory for the Java Runtime Environment to continue.
# Native memory allocation (mmap) failed to map 127926272 bytes for Failed to commit area from 0x0000000086000000 to 0x000000008da00000 of length 127926272.
# Possible reasons:
#   The system is out of physical RAM or swap space
#   The process is running with CompressedOops enabled, and the Java Heap may be blocking the growth of the native heap
# Possible solutions:
#   Reduce memory load on the system
#   Increase physical memory or swap space
#   Check if swap backing store is full
#   Decrease Java heap size (-Xmx/-Xms)
#   Decrease number of Java threads
#   Decrease Java thread stack sizes (-Xss)
#   Set larger code cache with -XX:ReservedCodeCacheSize=
# This output file may be truncated or incomplete.
#
#  Out of Memory Error (./src/hotspot/os/windows/os_windows.cpp:3619), pid=4404, tid=8340
#
# JRE version:  (11.0.13) (build )
# Java VM: OpenJDK 64-Bit Server VM (11.0.13+0-b1751.21-8125866, mixed mode, sharing, tiered, compressed oops, g1 gc, windows-amd64)
# No core dump will be written. Minidumps are not enabled by default on client versions of Windows
#

---------------  S U M M A R Y ------------

Command Line: org.jetbrains.kotlin.cli.jvm.K2JVMCompiler @D:\meteo\app\build\20221110_6935858572551213422.compiler.options

Host: Intel(R) Core(TM) i5-1035G1 CPU @ 1.00GHz, 8 cores, 7G,  Windows 11 , 64 bit Build 22000 (10.0.22000.1219)
Time: Thu Nov 10 15:08:03 2022 Paris, Madrid elapsed time: 0.068725 seconds (0d 0h 0m 0s)

---------------  T H R E A D  ---------------

Current thread (0x0000025fc2d90000):  JavaThread "Unknown thread" [_thread_in_vm, id=8340, stack(0x000000ee58800000,0x000000ee58900000)]

Stack: [0x000000ee58800000,0x000000ee58900000]
Native frames: (J=compiled Java code, j=interpreted, Vv=VM code, C=native code)
V  [jvm.dll+0x6100fa]
V  [jvm.dll+0x747090]
V  [jvm.dll+0x7486ad]
V  [jvm.dll+0x748d83]
V  [jvm.dll+0x24ab48]
V  [jvm.dll+0x60d164]
V  [jvm.dll+0x601e75]
V  [jvm.dll+0x308bdb]
V  [jvm.dll+0x308b4a]
V  [jvm.dll+0x308a22]
V  [jvm.dll+0x30d986]
V  [jvm.dll+0x357093]
V  [jvm.dll+0x357796]
V  [jvm.dll+0x357193]
V  [jvm.dll+0x2e3448]
V  [jvm.dll+0x2e45f7]
V  [jvm.dll+0x7242e7]
V  [jvm.dll+0x725adc]
V  [jvm.dll+0x364629]
V  [jvm.dll+0x707cee]
V  [jvm.dll+0x3d2633]
V  [jvm.dll+0x3d4a21]
C  [jli.dll+0x536b]
C  [ucrtbase.dll+0x26c0c]
C  [KERNEL32.DLL+0x15550]
C  [ntdll.dll+0x485b]


---------------  P R O C E S S  ---------------

Threads class SMR info:
_java_thread_list=0x0000025fc0c93680, length=0, elements={
}

Java Threads: ( => current thread )

Other Threads:
  0x0000025fc2da6800 GCTaskThread "GC Thread#0" [stack: 0x000000ee58900000,0x000000ee58a00000] [id=1536]
  0x0000025fc2dd6000 ConcurrentGCThread "G1 Main Marker" [stack: 0x000000ee58a00000,0x000000ee58b00000] [id=11176]
  0x0000025fc2dd8000 ConcurrentGCThread "G1 Conc#0" [stack: 0x000000ee58b00000,0x000000ee58c00000] [id=2092]

[error occurred during error reporting (printing all threads), id 0xc0000005, EXCEPTION_ACCESS_VIOLATION (0xc0000005) at pc=0x00007ffb23403dd7]

VM state:not at safepoint (not fully initialized)

VM Mutex/Monitor currently owned by a thread:  ([mutex/lock_event])
[0x0000025fc2d8c6f0] Heap_lock - owner thread: 0x0000025fc2d90000

Heap address: 0x0000000086000000, size: 1952 MB, Compressed Oops mode: Non-zero based: 0x0000000086000000
Narrow klass base: 0x0000000000000000, Narrow klass shift: 0

GC Heap History (0 events):
No events

Deoptimization events (0 events):
No events

Classes redefined (0 events):
No events

Internal exceptions (0 events):
No events

Events (1 events):
Event: 0.028 Loaded shared library C:\Program Files\Android\Android Studio\jre\bin\zip.dll


Dynamic libraries:
0x00007ff60eff0000 - 0x00007ff60effa000 	C:\Program Files\Android\Android Studio\jre\bin\java.exe
0x00007ffbc66c0000 - 0x00007ffbc68c9000 	C:\WINDOWS\SYSTEM32\ntdll.dll
0x00007ffbc5720000 - 0x00007ffbc57de000 	C:\WINDOWS\System32\KERNEL32.DLL
0x00007ffbc3cb0000 - 0x00007ffbc402b000 	C:\WINDOWS\System32\KERNELBASE.dll
0x00007ffbc41a0000 - 0x00007ffbc42b1000 	C:\WINDOWS\System32\ucrtbase.dll
0x00007ffbafad0000 - 0x00007ffbafae7000 	C:\Program Files\Android\Android Studio\jre\bin\VCRUNTIME140.dll
0x00007ffbafaf0000 - 0x00007ffbafb09000 	C:\Program Files\Android\Android Studio\jre\bin\jli.dll
0x00007ffbc64c0000 - 0x00007ffbc666d000 	C:\WINDOWS\System32\USER32.dll
0x00007ffbc42c0000 - 0x00007ffbc42e6000 	C:\WINDOWS\System32\win32u.dll
0x00007ffbc4640000 - 0x00007ffbc4669000 	C:\WINDOWS\System32\GDI32.dll
0x00007ffbc2e10000 - 0x00007ffbc30b5000 	C:\WINDOWS\WinSxS\amd64_microsoft.windows.common-controls_6595b64144ccf1df_6.0.22000.120_none_9d947278b86cc467\COMCTL32.dll
0x00007ffbc42f0000 - 0x00007ffbc4408000 	C:\WINDOWS\System32\gdi32full.dll
0x00007ffbc5670000 - 0x00007ffbc5713000 	C:\WINDOWS\System32\msvcrt.dll
0x00007ffbc3b90000 - 0x00007ffbc3c2d000 	C:\WINDOWS\System32\msvcp_win.dll
0x00007ffbc6480000 - 0x00007ffbc64b2000 	C:\WINDOWS\System32\IMM32.DLL
0x00007ffb8e8c0000 - 0x00007ffb8e95d000 	C:\Program Files\Android\Android Studio\jre\bin\msvcp140.dll
0x00007ffb23110000 - 0x00007ffb23c12000 	C:\Program Files\Android\Android Studio\jre\bin\server\jvm.dll
0x00007ffbc5190000 - 0x00007ffbc523e000 	C:\WINDOWS\System32\ADVAPI32.dll
0x00007ffbc4670000 - 0x00007ffbc470e000 	C:\WINDOWS\System32\sechost.dll
0x00007ffbc5240000 - 0x00007ffbc5360000 	C:\WINDOWS\System32\RPCRT4.dll
0x00007ffbc5950000 - 0x00007ffbc5958000 	C:\WINDOWS\System32\PSAPI.DLL
0x00007ffbc2220000 - 0x00007ffbc2229000 	C:\WINDOWS\SYSTEM32\WSOCK32.dll
0x00007ffbc58e0000 - 0x00007ffbc594f000 	C:\WINDOWS\System32\WS2_32.dll
0x00007ffbbd3e0000 - 0x00007ffbbd413000 	C:\WINDOWS\SYSTEM32\WINMM.dll
0x00007ffbc0d60000 - 0x00007ffbc0d6a000 	C:\WINDOWS\SYSTEM32\VERSION.dll
0x00007ffbc1d10000 - 0x00007ffbc1d28000 	C:\WINDOWS\SYSTEM32\kernel.appcore.dll
0x00007ffbafa90000 - 0x00007ffbafaa1000 	C:\Program Files\Android\Android Studio\jre\bin\verify.dll
0x00007ffbc34b0000 - 0x00007ffbc36d1000 	C:\WINDOWS\SYSTEM32\DBGHELP.DLL
0x00007ffbc3380000 - 0x00007ffbc33b1000 	C:\WINDOWS\SYSTEM32\dbgcore.DLL
0x00007ffbc3c30000 - 0x00007ffbc3caf000 	C:\WINDOWS\System32\bcryptPrimitives.dll
0x00007ffbafa60000 - 0x00007ffbafa89000 	C:\Program Files\Android\Android Studio\jre\bin\java.dll
0x00007ffbc2210000 - 0x00007ffbc221b000 	C:\Program Files\Android\Android Studio\jre\bin\jimage.dll
0x00007ffbafa40000 - 0x00007ffbafa58000 	C:\Program Files\Android\Android Studio\jre\bin\zip.dll

dbghelp: loaded successfully - version: 4.0.5 - missing functions: none
symbol engine: initialized successfully - sym options: 0x614 - pdb path: .;C:\Program Files\Android\Android Studio\jre\bin;C:\WINDOWS\SYSTEM32;C:\WINDOWS\WinSxS\amd64_microsoft.windows.common-controls_6595b64144ccf1df_6.0.22000.120_none_9d947278b86cc467;C:\Program Files\Android\Android Studio\jre\bin\server

VM Arguments:
java_command: org.jetbrains.kotlin.cli.jvm.K2JVMCompiler @D:\meteo\app\build\20221110_6935858572551213422.compiler.options
java_class_path (initial): C:\Users\kevin\.gradle\caches\modules-2\files-2.1\org.jetbrains.kotlin\kotlin-compiler-embeddable\1.7.0\4d09852239f61842072b40b524882fa3caaed371\kotlin-compiler-embeddable-1.7.0.jar;C:\Users\kevin\.gradle\caches\modules-2\files-2.1\org.jetbrains.kotlin\kotlin-reflect\1.7.0\e660b0079fdaf744dc9cc7f6f3aa3c761ec839b0\kotlin-reflect-1.7.0.jar;C:\Users\kevin\.gradle\caches\modules-2\files-2.1\org.jetbrains.kotlin\kotlin-stdlib\1.7.0\a5f42c684ad9003160ef0d0f693ecf0ba7b13549\kotlin-stdlib-1.7.0.jar;C:\Users\kevin\.gradle\caches\modules-2\files-2.1\org.jetbrains.kotlin\kotlin-script-runtime\1.7.0\3acea1d447587e61bc3e1b3ed6227d9e9ed4ddf1\kotlin-script-runtime-1.7.0.jar;C:\Users\kevin\.gradle\caches\modules-2\files-2.1\org.jetbrains.kotlin\kotlin-daemon-embeddable\1.7.0\fd56798de80825c673ac93808284c5198ffa2b50\kotlin-daemon-embeddable-1.7.0.jar;C:\Users\kevin\.gradle\caches\modules-2\files-2.1\org.jetbrains.intellij.deps\trove4j\1.0.20200330\3afb14d5f9ceb459d724e907a21145e8ff394f02\trove4j-1.0.20200330.jar;C:\Users\kevin\.gradle\caches\modules-2\files-2.1\net.java.dev.jna\jna\5.6.0\330f2244e9030119ab3030fc3fededc86713d9cc\jna-5.6.0.jar;C:\Users\kevin\.gradle\caches\modules-2\files-2.1\org.jetbrains.kotlin\kotlin-stdlib-common\1.7.0\51736992f422993a1e741051bdf3c12801bc1ca1\kotlin-stdlib-common-1.7.0.jar;C:\Users\kevin\.gradle\caches\modules-2\files-2.1\org.jetbrains\annotations\13.0\919f0dfe192fb4e063e7dacadee7f8bb9a2672a9\annotations-13.0.jar
Launcher Type: SUN_STANDARD

[Global flags]
     intx CICompilerCount                          = 4                                         {product} {ergonomic}
     uint ConcGCThreads                            = 2                                         {product} {ergonomic}
     uint G1ConcRefinementThreads                  = 8                                         {product} {ergonomic}
   size_t G1HeapRegionSize                         = 1048576                                   {product} {ergonomic}
    uintx GCDrainStackTargetSize                   = 64                                        {product} {ergonomic}
   size_t InitialHeapSize                          = 127926272                                 {product} {ergonomic}
   size_t MarkStackSize                            = 4194304                                   {product} {ergonomic}
   size_t MaxHeapSize                              = 2046820352                                {product} {ergonomic}
   size_t MinHeapDeltaBytes                        = 1048576                                   {product} {ergonomic}
    uintx NonNMethodCodeHeapSize                   = 5836300                                {pd product} {ergonomic}
    uintx NonProfiledCodeHeapSize                  = 122910970                              {pd product} {ergonomic}
    uintx ProfiledCodeHeapSize                     = 122910970                              {pd product} {ergonomic}
    uintx ReservedCodeCacheSize                    = 251658240                              {pd product} {ergonomic}
     bool SegmentedCodeCache                       = true                                      {product} {ergonomic}
     bool UseCompressedClassPointers               = true                                 {lp64_product} {ergonomic}
     bool UseCompressedOops                        = true                                 {lp64_product} {ergonomic}
     bool UseG1GC                                  = true                                      {product} {ergonomic}
     bool UseLargePagesIndividualAllocation        = false                                  {pd product} {ergonomic}

Logging:
Log output configuration:
 #0: stdout all=warning uptime,level,tags
 #1: stderr all=off uptime,level,tags

Environment Variables:
PATH=C:\Python39\Scripts\;C:\Python39\;C:\Program Files (x86)\Common Files\Oracle\Java\javapath;C:\WINDOWS\system32;C:\WINDOWS;C:\WINDOWS\System32\Wbem;C:\WINDOWS\System32\WindowsPowerShell\v1.0\;C:\WINDOWS\System32\OpenSSH\;C:\Program Files\Microsoft SQL Server\130\Tools\Binn\;C:\MinGW\bin;C:\GnuWin32\bin;C:\Program Files\Git\cmd;C:\ProgramData\chocolatey\bin;C:\Program Files\nodejs\;C:\Program Files\PuTTY\;C:\jdk1.3.1_28\bin;C:\Users\kevin\AppData\Local\Microsoft\WindowsApps;C:\Users\kevin\.dotnet\tools;C:\Users\kevin\AppData\Local\atom\bin;C:\Users\kevin\AppData\Local\Android\sdk\platform-tools;C:\Users\kevin\AppData\Local\Microsoft\WindowsApps;C:\Users\kevin\AppData\Roaming\npm;C:\Program Files\JetBrains\IntelliJ IDEA Community Edition 2021.3.1\bin;;C:\Users\kevin\AppData\Local\Programs\Microsoft VS Code\bin;C:\Users\kevin\AppData\Local\GitHubDesktop\bin
USERNAME=kevin
OS=Windows_NT
PROCESSOR_IDENTIFIER=Intel64 Family 6 Model 126 Stepping 5, GenuineIntel



---------------  S Y S T E M  ---------------

OS: Windows 11 , 64 bit Build 22000 (10.0.22000.1219)
OS uptime: 0 days 0:24 hours
Hyper-V role detected

CPU:total 8 (initial active 8) (4 cores per cpu, 2 threads per core) family 6 model 126 stepping 5 microcode 0x86, cmov, cx8, fxsr, mmx, sse, sse2, sse3, ssse3, sse4.1, sse4.2, popcnt, avx, avx2, aes, clmul, erms, 3dnowpref, lzcnt, ht, tsc, tscinvbit, bmi1, bmi2, adx, evex, sha, fma

Memory: 4k page, system-wide physical 7800M (327M free)
TotalPageFile size 9848M (AvailPageFile size 9M)
current process WorkingSet (physical memory assigned to process): 10M, peak: 10M
current process commit charge ("private bytes"): 59M, peak: 181M

vm_info: OpenJDK 64-Bit Server VM (11.0.13+0-b1751.21-8125866) for windows-amd64 JRE (11.0.13+0-b1751.21-8125866), built on Feb  2 2022 03:00:22 by "builder" with MS VC++ 14.0 (VS2015)

END.
